<?xml version="1.0" encoding="UTF-8"?>
<testsuite hostname="a-0d60a2f203f14" name="com.qtpselenium.suiteB.TestCase_B1" tests="4" failures="0" timestamp="12 Nov 2011 22:19:28 GMT" time="0.015" errors="0">
  <testcase name="testcaseB1" time="0.0" classname="com.qtpselenium.suiteB.TestCase_B1"/>
  <testcase name="testcaseB1" time="0.0" classname="com.qtpselenium.suiteB.TestCase_B1">
    <skipped/>
  </testcase>
  <testcase name="testcaseB1" time="0.0" classname="com.qtpselenium.suiteB.TestCase_B1"/>
  <testcase name="testcaseB1" time="0.015" classname="com.qtpselenium.suiteB.TestCase_B1"/>
</testsuite>
