<?xml version="1.0" encoding="UTF-8"?>
<testsuite hostname="a-0d60a2f203f14" name="com.qtpselenium.suite.productdisplay.TestCase_C1" tests="4" failures="0" timestamp="20 Dec 2011 03:45:48 GMT" time="0.015" errors="0">
  <testcase name="@BeforeTest checkTestSkip" time="0.0" classname="com.qtpselenium.suite.productdisplay.TestCase_C1">
    <skipped/>
  </testcase>
  <testcase name="testcaseC1" time="0.0" classname="com.qtpselenium.suite.productdisplay.TestCase_C1">
    <skipped/>
  </testcase>
  <testcase name="testcaseC1" time="0.0" classname="com.qtpselenium.suite.productdisplay.TestCase_C1">
    <skipped/>
  </testcase>
  <testcase name="testcaseC1" time="0.0" classname="com.qtpselenium.suite.productdisplay.TestCase_C1">
    <skipped/>
  </testcase>
  <testcase name="testcaseC1" time="0.0" classname="com.qtpselenium.suite.productdisplay.TestCase_C1">
    <skipped/>
  </testcase>
</testsuite>
