<?xml version="1.0" encoding="UTF-8"?>
<testsuite hostname="a-0d60a2f203f14" name="com.qtpselenium.suiteC.TestCase_C1" tests="4" failures="0" timestamp="12 Nov 2011 22:19:28 GMT" time="0.0" errors="0">
  <testcase name="@BeforeTest checkTestSkip" time="0.0" classname="com.qtpselenium.suiteC.TestCase_C1">
    <skipped/>
  </testcase>
  <testcase name="testcaseC1" time="0.0" classname="com.qtpselenium.suiteC.TestCase_C1">
    <skipped/>
  </testcase>
  <testcase name="testcaseC1" time="0.0" classname="com.qtpselenium.suiteC.TestCase_C1">
    <skipped/>
  </testcase>
  <testcase name="testcaseC1" time="0.0" classname="com.qtpselenium.suiteC.TestCase_C1">
    <skipped/>
  </testcase>
  <testcase name="testcaseC1" time="0.0" classname="com.qtpselenium.suiteC.TestCase_C1">
    <skipped/>
  </testcase>
</testsuite>
