<?xml version="1.0" encoding="UTF-8"?>
<testsuite hostname="a-0d60a2f203f14" name="com.qtpselenium.suite.shop.CheckProductDisplay" tests="1" failures="0" timestamp="20 Dec 2011 03:44:31 GMT" time="0.0" errors="0">
  <testcase name="@BeforeTest checkTestSkip" time="0.0" classname="com.qtpselenium.suite.shop.CheckProductDisplay">
    <skipped/>
  </testcase>
  <testcase name="@AfterMethod reportDataSetResult" time="0.0" classname="com.qtpselenium.suite.shop.CheckProductDisplay">
    <skipped/>
  </testcase>
  <testcase name="@AfterTest reportTestResult" time="0.0" classname="com.qtpselenium.suite.shop.CheckProductDisplay">
    <skipped/>
  </testcase>
  <testcase name="testcaseA1" time="0.0" classname="com.qtpselenium.suite.shop.CheckProductDisplay">
    <skipped/>
  </testcase>
</testsuite>
