<?xml version="1.0" encoding="UTF-8"?>
<testsuite hostname="a-0d60a2f203f14" name="com.qtpselenium.suite.cart.TestCase_B2" tests="1" failures="0" timestamp="20 Dec 2011 03:45:48 GMT" time="0.0" errors="0">
  <testcase name="@BeforeSuite checkSuiteSkip" time="0.0" classname="com.qtpselenium.suite.cart.TestCase_B2">
    <skipped/>
  </testcase>
  <testcase name="@BeforeTest checkTestSkip" time="0.0" classname="com.qtpselenium.suite.cart.TestCase_B2">
    <skipped/>
  </testcase>
  <testcase name="testcaseB2" time="0.0" classname="com.qtpselenium.suite.cart.TestCase_B2">
    <skipped/>
  </testcase>
</testsuite>
